TN:
SF:src/use-cases/submit-feedback-use-case.ts
FN:9,SubmitFeedbackUseCase
FN:13,execute
FNF:2
FNH:2
FNDA:1,SubmitFeedbackUseCase
FNDA:4,execute
DA:1,1
DA:2,1
DA:3,1
DA:4,1
DA:5,1
DA:6,1
DA:7,1
DA:8,1
DA:9,1
DA:10,1
DA:11,1
DA:12,1
DA:13,1
DA:14,4
DA:15,4
DA:16,1
DA:17,1
DA:18,3
DA:19,4
DA:20,1
DA:21,1
DA:22,4
DA:23,1
DA:24,1
DA:25,1
DA:26,1
DA:27,1
DA:28,1
DA:29,1
DA:30,1
DA:31,1
DA:32,1
LF:32
LH:32
BRDA:9,0,0,1
BRDA:13,1,0,4
BRDA:15,2,0,1
BRDA:18,3,0,3
BRDA:19,4,0,1
BRDA:22,5,0,2
BRDA:22,6,0,1
BRF:7
BRH:7
end_of_record
